Parameters
Entropy: 28
A Size: 1000000
B Size: 1000000
C Size: 2000000


Sorting Results:      Total Time (ms)   Per Element (ns)    Elements per Second
qsort:                       1313.214966         656.607483         1522979.875000
Time at Size 1 : 131874
Time at Size 2 : 168267
Time at Size 4 : 197802
Time at Size 8 : 223335
Time at Size 16 : 245907
Time at Size 32 : 268087
Time at Size 64 : 290123
Time at Size 128 : 311843
Time at Size 256 : 333575
Time at Size 512 : 354681
Time at Size 1024 : 375610
Time at Size 2048 : 396244
Time at Size 4096 : 416900
Time at Size 8192 : 437716
Time at Size 16384 : 458630
Time at Size 32768 : 479590
Time at Size 65536 : 500323
Time at Size 131072 : 521786
Time at Size 262144 : 542810
Time at Size 524288 : 564200
Time at Size 1048576 : 585015
Iterative Mergesort:            0.962973           0.481486      2076902144.000000
Time at Size 1 : 514154
Time at Size 2 : 7154
Time at Size 4 : 285027
Time at Size 8 : 434463
Time at Size 16 : 522309
Time at Size 32 : 575579
Time at Size 64 : 608156
Time at Size 128 : 629276
Time at Size 256 : 645858
Time at Size 512 : 658592
Time at Size 1024 : 668454
Time at Size 2048 : 678464
Time at Size 4096 : 688408
Time at Size 8192 : 701495
Time at Size 16384 : 713923
Time at Size 32768 : 726701
Time at Size 65536 : 739910
Time at Size 131072 : 760796
Time at Size 262144 : 785041
Time at Size 524288 : 803032
Time at Size 1048576 : 812582
AVX512 Mergesort:               0.011921           0.005960    167772160000.000000
AVX512 ComboMergesort1:       422.131073         211.065526         4737865.000000
Parameters
Entropy: 28
A Size: 10000000
B Size: 10000000
C Size: 20000000


Sorting Results:      Total Time (ms)   Per Element (ns)    Elements per Second
qsort:                      14701.681641         735.084086         1360388.500000
Time at Size 1 : 901203
Time at Size 2 : 263954
Time at Size 4 : 559037
Time at Size 8 : 812341
Time at Size 16 : 39339
Time at Size 32 : 253750
Time at Size 64 : 471892
Time at Size 128 : 689795
Time at Size 256 : 904160
Time at Size 512 : 115794
Time at Size 1024 : 325654
Time at Size 2048 : 532521
Time at Size 4096 : 742051
Time at Size 8192 : 948798
Time at Size 16384 : 156247
Time at Size 32768 : 364425
Time at Size 65536 : 576909
Time at Size 131072 : 786466
Time at Size 262144 : 994062
Time at Size 524288 : 201700
Time at Size 1048576 : 410696
Time at Size 2097152 : 621412
Time at Size 4194304 : 799273
Time at Size 8388608 : 974756
Time at Size 16777216 : 183147
Iterative Mergesort:            1.260042           0.063002     15872484352.000000
Time at Size 1 : 522616
Time at Size 2 : 457746
Time at Size 4 : 247411
Time at Size 8 : 756765
Time at Size 16 : 626705
Time at Size 32 : 152388
Time at Size 64 : 481583
Time at Size 128 : 699653
Time at Size 256 : 865208
Time at Size 512 : 5464
Time at Size 1024 : 101619
Time at Size 2048 : 203216
Time at Size 4096 : 299542
Time at Size 8192 : 429672
Time at Size 16384 : 553673
Time at Size 32768 : 669396
Time at Size 65536 : 795782
Time at Size 131072 : 962222
Time at Size 262144 : 164094
Time at Size 524288 : 350320
Time at Size 1048576 : 554634
Time at Size 2097152 : 745541
Time at Size 4194304 : 986416
Time at Size 8388608 : 221783
Time at Size 16777216 : 883750
AVX512 Mergesort:               1.065969           0.053298     18762262528.000000
AVX512 ComboMergesort1:      5561.041016         278.052056         3596449.000000
