Parameters
Entropy: 28
A Size: 10000000
B Size: 10000000
C Size: 20000000

Merging Results:
Serial Merge:                8.6068991934
Serial Merge no Branch:      8.8319538349

Algorithm Failed To Produce Correct Results: Bitonic
Index:19999995, Given Value:134217681, Correct Value:134217686 
Bitonic Merge Real:          7.6125026283

Algorithm Failed To Produce Correct Results: AVX512 Merge
Index:19999982, Given Value:134217628, Correct Value:134217602 
Serial Merge AVX-512:        3.1754494589
    Merge Path Only:         0.0012993813

Algorithm Failed To Produce Correct Results: Bitonic AVX512 Merge
Index:19999982, Given Value:134217628, Correct Value:134217602 
Bitonic Merge AVX-512:       13.5027411474

Sorting Results:
Serial Combo Sort:        592.7793722549
Parallel Combo Sort:        345.1831958046
Parallel Combo Sort AVX512:    343.2323865127
qsort:                    343.2673452153
