Parameters
Entropy: 28
A Size: 1000000
B Size: 1000000
C Size: 2000000


Sorting Results:      Total Time (ms)   Per Element (ns)    Elements per Second
qsort:                       1312.703125         656.351574         1523573.750000
Iterative Mergesort:          494.868988         247.434485         4041473.750000
AVX512 Mergesort:            2203.923096        1101.961516          907472.750000
AVX512 ComboMergesort1:       420.670990         210.335500         4754309.500000
AVX512 ComboMergesort2:       408.535950         204.267977         4895530.000000
Parameters
Entropy: 28
A Size: 10000000
B Size: 10000000
C Size: 20000000


Sorting Results:      Total Time (ms)   Per Element (ns)    Elements per Second
qsort:                      14480.146484         724.007293         1381201.500000
Iterative Mergesort:         5670.292969         283.514652         3527154.750000
AVX512 Mergesort:           23483.576172        1174.178806          851659.062500
AVX512 ComboMergesort1:      5587.393555         279.369686         3579486.500000
AVX512 ComboMergesort2:      4707.951660         235.397579         4248132.000000
