Parameters
Entropy: 28
A Size: 10000000
B Size: 10000000
C Size: 20000000

Merging Results:
Serial Merge:                8.6853981784
Serial Merge no Branch:      8.8474036986

Algorithm Failed To Produce Correct Results: Bitonic
Index:19999990, Given Value:134217625, Correct Value:134217632 
Bitonic Merge Real:          7.5531483290

Algorithm Failed To Produce Correct Results: AVX512 Merge
Index:19999986, Given Value:134217607, Correct Value:134217605 
Serial Merge AVX-512:        3.0915499050
    Merge Path Only:         0.0012993813

Algorithm Failed To Produce Correct Results: Bitonic AVX512 Merge
Index:19999986, Given Value:134217607, Correct Value:134217605 
Bitonic Merge AVX-512:       13.4804967189

Sorting Results:
Serial Combo Sort:        592.0008447902
Parallel Combo Sort:        344.9721930338
Parallel Combo Sort AVX512:    343.8474323048
qsort:                    344.1390390435
