Parameters
Entropy: 28
A Size: 10000000
B Size: 10000000
C Size: 20000000

Merging Results:
Serial Merge:                8.5972429176
Serial Merge no Branch:      8.8607547966

Algorithm Failed To Produce Correct Results: Bitonic
Index:19999994, Given Value:134217702, Correct Value:134217704 
Bitonic Merge Real:          7.5992465653

Algorithm Failed To Produce Correct Results: AVX512 Merge
Index:19999982, Given Value:134217594, Correct Value:134217592 
Serial Merge AVX-512:        3.0875444423
    Merge Path Only:         0.0012516975

Algorithm Failed To Produce Correct Results: Bitonic AVX512 Merge
Index:19999982, Given Value:134217594, Correct Value:134217592 
Bitonic Merge AVX-512:       13.4972095722

Sorting Results:
Number of Threads:272
Serial Combo Sort:        592.1369847783
Parallel Combo Sort:        345.8395951839
Parallel Combo Sort AVX512:    343.4398649915
qsort:                    343.6448992034
