Parameters
Entropy: 28
A Size: 10000
B Size: 10000
C Size: 20000

Merging Results:
Serial Merge:                  277.0900664473
Serial Merge no Branch:          9.1552738724
Error: Bitonic Failed To Produce Correct Results.
Index:19994, Given Value:134161690, Correct Value:134168993
Bitonic Merge Real:              8.1539157648
Serial Merge AVX-512:        2.8967857002
Parameters
Entropy: 28
A Size: 100
B Size: 100
C Size: 200

Merging Results:
Serial Merge:                  425.5771557382
Serial Merge no Branch:          9.5367429509
Error: Bitonic Failed To Produce Correct Results.
Index:189, Given Value:122840949, Correct Value:122950026
Bitonic Merge Real:              9.5367429509
Serial Merge AVX-512:       15.4972070732
Parameters
Entropy: 28
A Size: 100000000
B Size: 100000000
C Size: 200000000

Merging Results:
Serial Merge:                    8.5300158048
Serial Merge no Branch:          9.1222203125
Error: Bitonic Failed To Produce Correct Results.
Index:199999994, Given Value:134217721, Correct Value:134217722
Bitonic Merge Real:              7.9494002492
Serial Merge AVX-512:        2.9712998728
