Parameters
Entropy: 28
A Size: 1000000
B Size: 1000000
C Size: 2000000


Sorting Results:      Total Time (ms)   Per Element (ns)    Elements per Second
qsort:                       1311.552979         655.776489         1524909.750000
Iterative Mergesort:          493.422028         246.711011         4053325.250000
AVX512 Mergesort:            2208.795166        1104.397484          905471.062500
AVX512 ComboMergesort1:      1387.921143         693.960544         1441004.125000
AVX512 ComboMergesort2:       908.468933         454.234481         2201506.250000
AVX512 ComboMergesort3:       653.455017         326.727502         3060654.500000
AVX512 ComboMergesort4:       521.535889         260.767933         3834827.250000
AVX512 ComboMergesort5:       457.648987         228.824490         4370161.500000
AVX512 ComboMergesort6:       424.314972         212.157488         4713479.500000
AVX512 ComboMergesort7:       411.769867         205.884930         4857082.000000
AVX512 ComboMergesort8:       414.759888         207.379941         4822067.000000
Parameters
Entropy: 28
A Size: 10000000
B Size: 10000000
C Size: 20000000


Sorting Results:      Total Time (ms)   Per Element (ns)    Elements per Second
qsort:                      14472.269531         723.613482         1381953.250000
Iterative Mergesort:         5753.823242         287.691165         3475949.750000
AVX512 Mergesort:           23488.494141        1174.424710          851480.687500
AVX512 ComboMergesort1:     15309.368164         765.468428         1306389.625000
AVX512 ComboMergesort2:     10544.929688         527.246470         1896646.125000
AVX512 ComboMergesort3:      7945.833984         397.291700         2517042.250000
AVX512 ComboMergesort4:      6658.873047         332.943642         3003511.250000
AVX512 ComboMergesort5:      5996.521973         299.826098         3335266.750000
AVX512 ComboMergesort6:      5770.375488         288.518748         3465979.000000
AVX512 ComboMergesort7:      5540.839355         277.041948         3609561.500000
AVX512 ComboMergesort8:      5548.807129         277.440364         3604378.250000
