Parameters
Entropy: 28
A Size: 1000000
B Size: 1000000
C Size: 2000000


Sorting Results:      Total Time (ms)   Per Element (ns)    Elements per Second
qsort:                       1313.770996         656.885504         1522335.250000
Iterative Mergesort:          497.065063         248.532530         4023618.000000
AVX512 Mergesort:            2220.343018        1110.171524          900761.687500
AVX512 ComboMergesort1:       415.838959         207.919484         4809554.000000
AVX512 ComboMergesort2:       405.791046         202.895521         4928645.000000
AVX512 ComboMergesort3:       659.972168         329.986108         3030430.750000
Parameters
Entropy: 28
A Size: 10000000
B Size: 10000000
C Size: 20000000


Sorting Results:      Total Time (ms)   Per Element (ns)    Elements per Second
qsort:                      14552.997070         727.649820         1374287.375000
Iterative Mergesort:         5668.264648         283.413243         3528416.750000
AVX512 Mergesort:           23460.962891        1173.048076          852479.937500
AVX512 ComboMergesort1:      5544.432617         277.221631         3607222.000000
AVX512 ComboMergesort2:      4678.707031         233.935353         4274685.000000
AVX512 ComboMergesort3:      7257.391113         362.869542         2755811.250000
Parameters
Entropy: 28
A Size: 2097152
B Size: 2097152
C Size: 4194304


Sorting Results:      Total Time (ms)   Per Element (ns)    Elements per Second
qsort:                       2766.609863         659.611203         1516044.625000
Iterative Mergesort:         1072.419189         255.684654         3911067.750000
AVX512 Mergesort:            4639.372070        1106.112450          904067.187500
AVX512 ComboMergesort1:       892.024048         212.675104         4702008.000000
AVX512 ComboMergesort2:       874.530090         208.504218         4796066.000000
AVX512 ComboMergesort3:      1404.987061         334.975027         2985297.250000
Parameters
Entropy: 28
A Size: 16777216
B Size: 16777216
C Size: 33554432


Sorting Results:      Total Time (ms)   Per Element (ns)    Elements per Second
qsort:                      25035.955078         746.129615         1340249.750000
Iterative Mergesort:         9622.525391         286.773599         3487071.250000
AVX512 Mergesort:           37945.738281        1130.871169          884274.000000
AVX512 ComboMergesort1:      7941.493164         236.674936         4225204.500000
AVX512 ComboMergesort2:      7785.016113         232.011558         4310130.000000
AVX512 ComboMergesort3:     12039.986328         358.819563         2786916.000000
