Parameters
Entropy: 28
A Size: 10000
B Size: 10000
C Size: 20000

Merging Results:
Serial Merge:                   96.5952864362
Serial Merge no Branch:          9.6559524820
Error: Bitonic Failed To Produce Correct Results.
Index:19989, Given Value:134152348, Correct Value:134160754
Bitonic Merge Real:              8.2492830344
Serial Merge AVX-512:        2.9921531919
Parameters
Entropy: 28
A Size: 100
B Size: 100
C Size: 200

Merging Results:
Serial Merge:                  514.9841513230
Serial Merge no Branch:         15.4972070732
Error: Bitonic Failed To Produce Correct Results.
Index:189, Given Value:123944946, Correct Value:124644283
Bitonic Merge Real:             15.4972070732
Serial Merge AVX-512:       14.3051144263
Parameters
Entropy: 28
A Size: 100000000
B Size: 100000000
C Size: 200000000

Merging Results:
Serial Merge:                    8.5185600796
Serial Merge no Branch:          8.9313552110
Error: Bitonic Failed To Produce Correct Results.
Index:199999994, Given Value:134217723, Correct Value:134217724
Bitonic Merge Real:              7.9427646682
Serial Merge AVX-512:        3.0708240395
